I, [2018-06-21T14:23:43.427979 #38563]  INFO -- : Refreshing Gem list
bundler: failed to load command: unicorn_rails (/Users/kotakarasawa/appst/vendor/bundle/ruby/2.3.0/bin/unicorn_rails)
RuntimeError: Devise.secret_key was not set. Please add the following to your Devise initializer:

  config.secret_key = '306a1dfbc4518bd6fc9543dc41edf4763868cb3aefab88f29c563700c9e6bb861ff58d3dfb3c0407e38877d87550d6e8ac5cfaa5ebe497cabbba146687690a6b'

Please ensure you restarted your application after installing Devise or setting the key.

  /Users/kotakarasawa/appst/vendor/bundle/ruby/2.3.0/gems/devise-4.4.3/lib/devise/rails/routes.rb:500:in `raise_no_secret_key'
  /Users/kotakarasawa/appst/vendor/bundle/ruby/2.3.0/gems/devise-4.4.3/lib/devise/rails/routes.rb:228:in `devise_for'
  /Users/kotakarasawa/appst/config/routes.rb:4:in `block in <top (required)>'
  /Users/kotakarasawa/appst/vendor/bundle/ruby/2.3.0/gems/actionpack-4.2.6/lib/action_dispatch/routing/route_set.rb:432:in `instance_exec'
  /Users/kotakarasawa/appst/vendor/bundle/ruby/2.3.0/gems/actionpack-4.2.6/lib/action_dispatch/routing/route_set.rb:432:in `eval_block'
  /Users/kotakarasawa/appst/vendor/bundle/ruby/2.3.0/gems/actionpack-4.2.6/lib/action_dispatch/routing/route_set.rb:410:in `draw'
  /Users/kotakarasawa/appst/config/routes.rb:1:in `<top (required)>'
  /Users/kotakarasawa/appst/vendor/bundle/ruby/2.3.0/gems/activesupport-4.2.6/lib/active_support/dependencies.rb:268:in `load'
  /Users/kotakarasawa/appst/vendor/bundle/ruby/2.3.0/gems/activesupport-4.2.6/lib/active_support/dependencies.rb:268:in `block in load'
  /Users/kotakarasawa/appst/vendor/bundle/ruby/2.3.0/gems/activesupport-4.2.6/lib/active_support/dependencies.rb:240:in `load_dependency'
  /Users/kotakarasawa/appst/vendor/bundle/ruby/2.3.0/gems/activesupport-4.2.6/lib/active_support/dependencies.rb:268:in `load'
  /Users/kotakarasawa/appst/vendor/bundle/ruby/2.3.0/gems/railties-4.2.6/lib/rails/application/routes_reloader.rb:40:in `block in load_paths'
  /Users/kotakarasawa/appst/vendor/bundle/ruby/2.3.0/gems/railties-4.2.6/lib/rails/application/routes_reloader.rb:40:in `each'
  /Users/kotakarasawa/appst/vendor/bundle/ruby/2.3.0/gems/railties-4.2.6/lib/rails/application/routes_reloader.rb:40:in `load_paths'
  /Users/kotakarasawa/appst/vendor/bundle/ruby/2.3.0/gems/railties-4.2.6/lib/rails/application/routes_reloader.rb:16:in `reload!'
  /Users/kotakarasawa/appst/vendor/bundle/ruby/2.3.0/gems/railties-4.2.6/lib/rails/application.rb:170:in `reload_routes!'
  /Users/kotakarasawa/appst/vendor/bundle/ruby/2.3.0/gems/devise-4.4.3/lib/devise/rails.rb:17:in `block in <class:Engine>'
  /Users/kotakarasawa/appst/vendor/bundle/ruby/2.3.0/gems/activesupport-4.2.6/lib/active_support/lazy_load_hooks.rb:36:in `execute_hook'
  /Users/kotakarasawa/appst/vendor/bundle/ruby/2.3.0/gems/activesupport-4.2.6/lib/active_support/lazy_load_hooks.rb:45:in `block in run_load_hooks'
  /Users/kotakarasawa/appst/vendor/bundle/ruby/2.3.0/gems/activesupport-4.2.6/lib/active_support/lazy_load_hooks.rb:44:in `each'
  /Users/kotakarasawa/appst/vendor/bundle/ruby/2.3.0/gems/activesupport-4.2.6/lib/active_support/lazy_load_hooks.rb:44:in `run_load_hooks'
  /Users/kotakarasawa/appst/vendor/bundle/ruby/2.3.0/gems/railties-4.2.6/lib/rails/application/finisher.rb:55:in `block in <module:Finisher>'
  /Users/kotakarasawa/appst/vendor/bundle/ruby/2.3.0/gems/railties-4.2.6/lib/rails/initializable.rb:30:in `instance_exec'
  /Users/kotakarasawa/appst/vendor/bundle/ruby/2.3.0/gems/railties-4.2.6/lib/rails/initializable.rb:30:in `run'
  /Users/kotakarasawa/appst/vendor/bundle/ruby/2.3.0/gems/railties-4.2.6/lib/rails/initializable.rb:55:in `block in run_initializers'
  /Users/kotakarasawa/.rbenv/versions/2.3.1/lib/ruby/2.3.0/tsort.rb:228:in `block in tsort_each'
  /Users/kotakarasawa/.rbenv/versions/2.3.1/lib/ruby/2.3.0/tsort.rb:350:in `block (2 levels) in each_strongly_connected_component'
  /Users/kotakarasawa/.rbenv/versions/2.3.1/lib/ruby/2.3.0/tsort.rb:431:in `each_strongly_connected_component_from'
  /Users/kotakarasawa/.rbenv/versions/2.3.1/lib/ruby/2.3.0/tsort.rb:349:in `block in each_strongly_connected_component'
  /Users/kotakarasawa/.rbenv/versions/2.3.1/lib/ruby/2.3.0/tsort.rb:347:in `each'
  /Users/kotakarasawa/.rbenv/versions/2.3.1/lib/ruby/2.3.0/tsort.rb:347:in `call'
  /Users/kotakarasawa/.rbenv/versions/2.3.1/lib/ruby/2.3.0/tsort.rb:347:in `each_strongly_connected_component'
  /Users/kotakarasawa/.rbenv/versions/2.3.1/lib/ruby/2.3.0/tsort.rb:226:in `tsort_each'
  /Users/kotakarasawa/.rbenv/versions/2.3.1/lib/ruby/2.3.0/tsort.rb:205:in `tsort_each'
  /Users/kotakarasawa/appst/vendor/bundle/ruby/2.3.0/gems/railties-4.2.6/lib/rails/initializable.rb:54:in `run_initializers'
  /Users/kotakarasawa/appst/vendor/bundle/ruby/2.3.0/gems/railties-4.2.6/lib/rails/application.rb:352:in `initialize!'
  /Users/kotakarasawa/appst/config/environment.rb:5:in `<top (required)>'
  config.ru:4:in `require'
  config.ru:4:in `block in <main>'
  /Users/kotakarasawa/appst/vendor/bundle/ruby/2.3.0/gems/rack-1.6.10/lib/rack/builder.rb:55:in `instance_eval'
  /Users/kotakarasawa/appst/vendor/bundle/ruby/2.3.0/gems/rack-1.6.10/lib/rack/builder.rb:55:in `initialize'
  config.ru:1:in `new'
  config.ru:1:in `<main>'
  /Users/kotakarasawa/appst/vendor/bundle/ruby/2.3.0/gems/unicorn-5.4.0/lib/unicorn.rb:56:in `eval'
  /Users/kotakarasawa/appst/vendor/bundle/ruby/2.3.0/gems/unicorn-5.4.0/lib/unicorn.rb:56:in `block in builder'
  /Users/kotakarasawa/appst/vendor/bundle/ruby/2.3.0/gems/unicorn-5.4.0/bin/unicorn_rails:139:in `block in rails_builder'
  /Users/kotakarasawa/appst/vendor/bundle/ruby/2.3.0/gems/unicorn-5.4.0/lib/unicorn/http_server.rb:795:in `build_app!'
  /Users/kotakarasawa/appst/vendor/bundle/ruby/2.3.0/gems/unicorn-5.4.0/lib/unicorn/http_server.rb:139:in `start'
  /Users/kotakarasawa/appst/vendor/bundle/ruby/2.3.0/gems/unicorn-5.4.0/bin/unicorn_rails:209:in `<top (required)>'
  /Users/kotakarasawa/appst/vendor/bundle/ruby/2.3.0/bin/unicorn_rails:23:in `load'
  /Users/kotakarasawa/appst/vendor/bundle/ruby/2.3.0/bin/unicorn_rails:23:in `<top (required)>'
